<?xml version="1.0" encoding="UTF-8"?>
<testsuite name="[HBS] Edit Delivered Mail(Process + Validation)"
           tests="42"
           failures="1"
           errors="0"
           skipped="41"
           time="1.343">
    <properties></properties>

            <testcase
                name="setup"
                time="1.343"
                classname="test.mail.EditDeliveredEmail">

            <failure type="org.openqa.selenium.SessionNotCreatedException" message="Could not start a new session. Response code 500. Message: session not created
from disconnected: unable to connect to renderer
  (Session info: chrome=100.0.4896.127)
Build info: version: &apos;4.1.2&apos;, revision: &apos;9a5a329c5a&apos;
System info: host: &apos;NDTHANG5&apos;, ip: &apos;192.168.52.89&apos;, os.name: &apos;Windows 11&apos;, os.arch: &apos;amd64&apos;, os.version: &apos;10.0&apos;, java.version: &apos;17.0.2&apos;
Driver info: org.openqa.selenium.chrome.ChromeDriver
Command: [null, newSession {capabilities=[Capabilities {browserName: chrome, goog:chromeOptions: {args: [--disable-gpu, --no-sandbox, --window-size=1280,800, --disable-dev-shm-usage, --allow-insecure-localhost, --remote-debugging-port=1557], extensions: []}}], desiredCapabilities=Capabilities {browserName: chrome, goog:chromeOptions: {args: [--disable-gpu, --no-sandbox, --window-size=1280,800, --disable-dev-shm-usage, --allow-insecure-localhost, --remote-debugging-port=1557], extensions: []}}}]">
                    <![CDATA[org.openqa.selenium.SessionNotCreatedException: Could not start a new session. Response code 500. Message: session not created
from disconnected: unable to connect to renderer
  (Session info: chrome=100.0.4896.127)
Build info: version: '4.1.2', revision: '9a5a329c5a'
System info: host: 'NDTHANG5', ip: '192.168.52.89', os.name: 'Windows 11', os.arch: 'amd64', os.version: '10.0', java.version: '17.0.2'
Driver info: org.openqa.selenium.chrome.ChromeDriver
Command: [null, newSession {capabilities=[Capabilities {browserName: chrome, goog:chromeOptions: {args: [--disable-gpu, --no-sandbox, --window-size=1280,800, --disable-dev-shm-usage, --allow-insecure-localhost, --remote-debugging-port=1557], extensions: []}}], desiredCapabilities=Capabilities {browserName: chrome, goog:chromeOptions: {args: [--disable-gpu, --no-sandbox, --window-size=1280,800, --disable-dev-shm-usage, --allow-insecure-localhost, --remote-debugging-port=1557], extensions: []}}}]
                org.openqa.selenium.remote.ProtocolHandshake.createSession(ProtocolHandshake.java:126)org.openqa.selenium.remote.ProtocolHandshake.createSession(ProtocolHandshake.java:84)org.openqa.selenium.remote.ProtocolHandshake.createSession(ProtocolHandshake.java:62)org.openqa.selenium.remote.HttpCommandExecutor.execute(HttpCommandExecutor.java:156)org.openqa.selenium.remote.service.DriverCommandExecutor.invokeExecute(DriverCommandExecutor.java:167)org.openqa.selenium.remote.service.DriverCommandExecutor.execute(DriverCommandExecutor.java:142)org.openqa.selenium.remote.RemoteWebDriver.execute(RemoteWebDriver.java:558)org.openqa.selenium.remote.RemoteWebDriver.startSession(RemoteWebDriver.java:245)org.openqa.selenium.remote.RemoteWebDriver.<init>(RemoteWebDriver.java:161)org.openqa.selenium.chromium.ChromiumDriver.<init>(ChromiumDriver.java:108)org.openqa.selenium.chrome.ChromeDriver.<init>(ChromeDriver.java:106)org.openqa.selenium.chrome.ChromeDriver.<init>(ChromeDriver.java:93)org.openqa.selenium.chrome.ChromeDriver.<init>(ChromeDriver.java:82)utilities.common.Common.setupWebdriver(Common.java:92)test.mail.EditDeliveredEmail.setup(Edit_Delivered_Mail.java:40)java.base/jdk.internal.reflect.NativeMethodAccessorImpl.invoke0(Native Method)java.base/jdk.internal.reflect.NativeMethodAccessorImpl.invoke(NativeMethodAccessorImpl.java:77)java.base/jdk.internal.reflect.DelegatingMethodAccessorImpl.invoke(DelegatingMethodAccessorImpl.java:43)java.base/java.lang.reflect.Method.invoke(Method.java:568)org.testng.internal.invokers.MethodInvocationHelper.invokeMethod(MethodInvocationHelper.java:135)org.testng.internal.invokers.MethodInvocationHelper.invokeMethodConsideringTimeout(MethodInvocationHelper.java:65)org.testng.internal.invokers.ConfigInvoker.invokeConfigurationMethod(ConfigInvoker.java:381)org.testng.internal.invokers.ConfigInvoker.invokeConfigurations(ConfigInvoker.java:319)org.testng.internal.invokers.TestInvoker.runConfigMethods(TestInvoker.java:803)org.testng.internal.invokers.TestInvoker.invokeMethod(TestInvoker.java:589)org.testng.internal.invokers.TestInvoker.invokeTestMethod(TestInvoker.java:220)org.testng.internal.invokers.MethodRunner.runInSequence(MethodRunner.java:50)org.testng.internal.invokers.TestInvoker$MethodInvocationAgent.invoke(TestInvoker.java:945)org.testng.internal.invokers.TestInvoker.invokeTestMethods(TestInvoker.java:193)org.testng.internal.invokers.TestMethodWorker.invokeTestMethods(TestMethodWorker.java:146)org.testng.internal.invokers.TestMethodWorker.run(TestMethodWorker.java:128)java.base/java.util.ArrayList.forEach(ArrayList.java:1511)org.testng.TestRunner.privateRun(TestRunner.java:808)org.testng.TestRunner.run(TestRunner.java:603)org.testng.SuiteRunner.runTest(SuiteRunner.java:429)org.testng.SuiteRunner.runSequentially(SuiteRunner.java:423)org.testng.SuiteRunner.privateRun(SuiteRunner.java:383)org.testng.SuiteRunner.run(SuiteRunner.java:326)org.testng.SuiteRunnerWorker.runSuite(SuiteRunnerWorker.java:52)org.testng.SuiteRunnerWorker.run(SuiteRunnerWorker.java:95)org.testng.TestNG.runSuitesSequentially(TestNG.java:1249)org.testng.TestNG.runSuitesLocally(TestNG.java:1169)org.testng.TestNG.runSuites(TestNG.java:1092)org.testng.TestNG.run(TestNG.java:1060)com.intellij.rt.testng.IDEARemoteTestNG.run(IDEARemoteTestNG.java:66)com.intellij.rt.testng.RemoteTestNGStarter.main(RemoteTestNGStarter.java:109)
]]>
            </failure>
    </testcase>

            <testcase
                name="setup"
                time="0.0"
                classname="test.mail.EditDeliveredEmail">
            </testcase>
            <testcase
                name="tearDown"
                time="0.0"
                classname="test.mail.EditDeliveredEmail">
            </testcase>
            <testcase
                name="tearDown"
                time="0.0"
                classname="test.mail.EditDeliveredEmail">
            </testcase>
            <testcase
                name="tearDown"
                time="0.0"
                classname="test.mail.EditDeliveredEmail">
            </testcase>
            <testcase
                name="tearDown"
                time="0.0"
                classname="test.mail.EditDeliveredEmail">
            </testcase>
            <testcase
                name="setup"
                time="0.0"
                classname="test.mail.EditDeliveredEmail">
            </testcase>
            <testcase
                name="setup"
                time="0.0"
                classname="test.mail.EditDeliveredEmail">
            </testcase>
            <testcase
                name="tearDown"
                time="0.0"
                classname="test.mail.EditDeliveredEmail">
            </testcase>
            <testcase
                name="tearDown"
                time="0.0"
                classname="test.mail.EditDeliveredEmail">
            </testcase>
            <testcase
                name="tearDown"
                time="0.0"
                classname="test.mail.EditDeliveredEmail">
            </testcase>
            <testcase
                name="setup"
                time="0.0"
                classname="test.mail.EditDeliveredEmail">
            </testcase>
            <testcase
                name="setup"
                time="0.0"
                classname="test.mail.EditDeliveredEmail">
            </testcase>
            <testcase
                name="setup"
                time="0.0"
                classname="test.mail.EditDeliveredEmail">
            </testcase>
            <testcase
                name="setup"
                time="0.0"
                classname="test.mail.EditDeliveredEmail">
            </testcase>
            <testcase
                name="tearDown"
                time="0.0"
                classname="test.mail.EditDeliveredEmail">
            </testcase>
            <testcase
                name="setup"
                time="0.0"
                classname="test.mail.EditDeliveredEmail">
            </testcase>
            <testcase
                name="setup"
                time="0.0"
                classname="test.mail.EditDeliveredEmail">
            </testcase>
            <testcase
                name="setup"
                time="0.0"
                classname="test.mail.EditDeliveredEmail">
            </testcase>
            <testcase
                name="setup"
                time="0.0"
                classname="test.mail.EditDeliveredEmail">
            </testcase>
            <testcase
                name="setup"
                time="0.0"
                classname="test.mail.EditDeliveredEmail">
            </testcase>
            <testcase
                name="tearDown"
                time="0.0"
                classname="test.mail.EditDeliveredEmail">
            </testcase>
            <testcase
                name="setup"
                time="0.0"
                classname="test.mail.EditDeliveredEmail">
            </testcase>
            <testcase
                name="tearDown"
                time="0.0"
                classname="test.mail.EditDeliveredEmail">
            </testcase>
            <testcase
                name="tearDown"
                time="0.0"
                classname="test.mail.EditDeliveredEmail">
            </testcase>
            <testcase
                name="tearDown"
                time="0.0"
                classname="test.mail.EditDeliveredEmail">
            </testcase>
            <testcase
                name="tearDown"
                time="0.0"
                classname="test.mail.EditDeliveredEmail">
            </testcase>
            <testcase
                name="tearDown"
                time="0.0"
                classname="test.mail.EditDeliveredEmail">
            </testcase>
            <testcase
                name="TC63_atFinalConfirmationStepVerifyThatChangeDeliveredEmailStatusPopupShouldBeClosedAfterClickingCancelButton"
                time="0.0"
                classname="test.mail.EditDeliveredEmail">
            </testcase>
            <testcase
                name="TC69_atFinalConfirmationStepVerifyThatCanBackToBasicInformationStepFromFinalConfirmationStep"
                time="0.0"
                classname="test.mail.EditDeliveredEmail">
            </testcase>
            <testcase
                name="TC66_atFinalConfirmationStepVerifyThatDeliveredEmailShouldBeDeletedAfterClickingOKButton"
                time="0.0"
                classname="test.mail.EditDeliveredEmail">
            </testcase>
            <testcase
                name="TC67_atFinalConfirmationStepVerifyThatCanBackToDestinationSelectionStepFromFinalConfirmationStep"
                time="0.0"
                classname="test.mail.EditDeliveredEmail">
            </testcase>
            <testcase
                name="TC42_atDestinationSearchStepVerifyThatChangeDeliveredEmailStatusPopupShouldBeClosedAfterClickingCancelButton"
                time="0.0"
                classname="test.mail.EditDeliveredEmail">
            </testcase>
            <testcase
                name="TC59_atDestinationSearchStepVerifyThatCanNextToDestinationSelectionStepFromAttachmentStep"
                time="0.0"
                classname="test.mail.EditDeliveredEmail">
            </testcase>
            <testcase
                name="TC68_atFinalConfirmationStepVerifyThatCanBackToAttachmentStepFromFinalConfirmationStep"
                time="0.0"
                classname="test.mail.EditDeliveredEmail">
            </testcase>
            <testcase
                name="TC01_verifyFullEditDeliveredEmailProcess"
                time="0.0"
                classname="test.mail.EditDeliveredEmail">
            </testcase>
            <testcase
                name="TC64_atFinalConfirmationStepVerifyThatCanChangeDeliveredEmailStatusToDraft"
                time="0.0"
                classname="test.mail.EditDeliveredEmail">
            </testcase>
            <testcase
                name="TC55_atDestinationSearchStepVerifyCanSetAndCancelSearchConditionsTemplateAsDefault"
                time="0.0"
                classname="test.mail.EditDeliveredEmail">
            </testcase>
            <testcase
                name="TC65_atFinalConfirmationStepVerifyThatDeleteThisDeliveredEmailPopupShouldBeClosedAfterClickCancelButton"
                time="0.0"
                classname="test.mail.EditDeliveredEmail">
            </testcase>
            <testcase
                name="TC60_atDestinationSearchStepVerifyThatPaginationIsWorkingNormally"
                time="0.0"
                classname="test.mail.EditDeliveredEmail">
            </testcase>
            <testcase
                name="TC61_atFinalConfirmationStepVerifyThatCanUpdateDeliveredEmailWithValidData"
                time="0.0"
                classname="test.mail.EditDeliveredEmail">
            </testcase>
            <testcase
                name="TC62_atFinalConfirmationStepVerifyThatCanMakeDeliveredEmailCopy"
                time="0.0"
                classname="test.mail.EditDeliveredEmail">
            </testcase>

</testsuite>
