<?xml version="1.0" encoding="UTF-8"?>
<testsuite name="[HBS] Create tenant (Process + Validation)"
           tests="36"
           failures="0"
           errors="0"
           skipped="1"
           time="279.074">
    <properties></properties>


            <testcase
                name="TC01_verifyFullCreateTenantProcess"
                time="0.0"
                classname="test.tenant.CreateTenant">
            </testcase>

            <testcase
                name="TC04_atMemberInformationStepVerifyErrorMessageWhenInputEmailContainsSpaceCharacters"
                time="6.202"
                classname="test.tenant.CreateTenant">
            </testcase>
            <testcase
                name="TC20_atCompanyProfileInformationStepVerifyErrorMessageWhenInputCapitalExceed13HalfWidthCharacters"
                time="6.026"
                classname="test.tenant.CreateTenant">
            </testcase>
            <testcase
                name="TC12_atCompanyProfileInformationStepVerifyErrorMessageWhenInputCompanyNameExceed100FullWidthCharacters"
                time="6.291"
                classname="test.tenant.CreateTenant">
            </testcase>
            <testcase
                name="TC11_atCompanyProfileInformationStepVerifyErrorMessageWhenInputCompanyNameExceed100HalfWidthCharacters"
                time="6.255"
                classname="test.tenant.CreateTenant">
            </testcase>
            <testcase
                name="TC27_atPersonalProfileInformationStepVerifyErrorMessageWhenInputTelExceed15HalfWidthCharacters"
                time="6.321"
                classname="test.tenant.CreateTenant">
            </testcase>
            <testcase
                name="TC28_atPersonalProfileInformationStepVerifyErrorMessageWhenInputTelContainsFullWidthCharacters"
                time="5.780"
                classname="test.tenant.CreateTenant">
            </testcase>
            <testcase
                name="TC18_atCompanyProfileInformationStepVerifyErrorMessageWhenInputUrlExceed50FullWidthCharacters"
                time="6.463"
                classname="test.tenant.CreateTenant">
            </testcase>
            <testcase
                name="TC36_atPersonalProfileInformationStepVerifyErrorMessageWhenInputEmailSignatureExceed1000CharactersMixHalfAndFullWidth"
                time="13.560"
                classname="test.tenant.CreateTenant">
            </testcase>
            <testcase
                name="TC10_atCompanyProfileInformationStepVerifyErrorMessageWhenLeaveAllInformationBlank"
                time="15.531"
                classname="test.tenant.CreateTenant">
            </testcase>
            <testcase
                name="TC21_atPersonalProfileInformationStepVerifyErrorMessageWhenLeaveUsernameBlank"
                time="6.020"
                classname="test.tenant.CreateTenant">
            </testcase>
            <testcase
                name="TC07_atMemberInformationStepVerifyErrorMessageWhenInputPasswordAndConfirmPasswordExceed50HalfWidthCharacters"
                time="8.610"
                classname="test.tenant.CreateTenant">
            </testcase>
            <testcase
                name="TC03_atMemberInformationStepVerifyErrorMessageWhenConfirmPasswordContainsFullWidthCharacters"
                time="7.874"
                classname="test.tenant.CreateTenant">
            </testcase>
            <testcase
                name="TC02_atMemberInformationStepVerifyErrorMessageWhenLeaveAllInformationBlank"
                time="10.227"
                classname="test.tenant.CreateTenant">
            </testcase>
            <testcase
                name="TC06_atMemberInformationStepVerifyErrorMessageWhenInputPasswordAndConfirmPasswordLessThan10HalfWidthCharacters"
                time="8.115"
                classname="test.tenant.CreateTenant">
            </testcase>
            <testcase
                name="TC33_atPersonalProfileInformationStepVerifyErrorMessageWhenInputPasswordContainsFullWidthCharacters"
                time="9.487"
                classname="test.tenant.CreateTenant">
            </testcase>
            <testcase
                name="TC15_atCompanyProfileInformationStepVerifyErrorMessageWhenInputAddressExceed100FullWidthCharacters"
                time="6.480"
                classname="test.tenant.CreateTenant">
            </testcase>
            <testcase
                name="TC09_atMemberInformationStepVerifyErrorMessageWhenInputPasswordAndConfirmPasswordDoesNotMixAlphanumericalCharacters"
                time="6.348"
                classname="test.tenant.CreateTenant">
            </testcase>
            <testcase
                name="TC05_atMemberInformationStepVerifyErrorMessageWhenInputEmailExceed100HalfWidthCharacters"
                time="6.542"
                classname="test.tenant.CreateTenant">
            </testcase>
            <testcase
                name="TC13_atCompanyProfileInformationStepVerifyErrorMessageWhenInputCompanyNameExceed100CharactersMixHalfAndFullWidthCharacters"
                time="6.476"
                classname="test.tenant.CreateTenant">
            </testcase>
            <testcase
                name="TC34_atPersonalProfileInformationStepVerifyErrorMessageWhenInputEmailSignatureExceed1000HalfWidthCharacters"
                time="11.172"
                classname="test.tenant.CreateTenant">
            </testcase>
            <testcase
                name="TC22_atPersonalProfileInformationStepVerifyErrorMessageWhenInputUsernameExceed50HalfWidthCharacters"
                time="6.351"
                classname="test.tenant.CreateTenant">
            </testcase>
            <testcase
                name="TC19_atCompanyProfileInformationStepVerifyErrorMessageWhenInputUrlExceed50CharactersMixHalfAndFullWidth"
                time="6.141"
                classname="test.tenant.CreateTenant">
            </testcase>
            <testcase
                name="TC31_atPersonalProfileInformationStepVerifyErrorMessageWhenInputPasswordExceed50HalfWidthCharacters"
                time="6.275"
                classname="test.tenant.CreateTenant">
            </testcase>
            <testcase
                name="TC35_atPersonalProfileInformationStepVerifyErrorMessageWhenInputEmailSignatureExceed1000FullWidthCharacters"
                time="12.536"
                classname="test.tenant.CreateTenant">
            </testcase>
            <testcase
                name="TC17_atCompanyProfileInformationStepVerifyErrorMessageWhenInputUrlExceed50HalfWidthCharacters"
                time="6.143"
                classname="test.tenant.CreateTenant">
            </testcase>
            <testcase
                name="TC25_atPersonalProfileInformationStepVerifyErrorMessageWhenInputUsernameContainsSpaceCharacters"
                time="5.912"
                classname="test.tenant.CreateTenant">
            </testcase>
            <testcase
                name="TC30_atPersonalProfileInformationStepVerifyErrorMessageWhenInputPasswordLessThan10HalfWidthCharacters"
                time="5.813"
                classname="test.tenant.CreateTenant">
            </testcase>
            <testcase
                name="TC08_atMemberInformationStepVerifyErrorMessageWhenInputPasswordAndConfirmPasswordDoesNotMatch"
                time="6.098"
                classname="test.tenant.CreateTenant">
            </testcase>
            <testcase
                name="TC23_atPersonalProfileInformationStepVerifyErrorMessageWhenInputUsernameExceed50FullWidthCharacters"
                time="6.518"
                classname="test.tenant.CreateTenant">
            </testcase>
            <testcase
                name="TC16_atCompanyProfileInformationStepVerifyErrorMessageWhenInputAddressExceed100CharactersMixHalfAndFullWidth"
                time="7.590"
                classname="test.tenant.CreateTenant">
            </testcase>
            <testcase
                name="TC14_atCompanyProfileInformationStepVerifyErrorMessageWhenInputAddressExceed100HalfWidthCharacters"
                time="7.420"
                classname="test.tenant.CreateTenant">
            </testcase>
            <testcase
                name="TC24_atPersonalProfileInformationStepVerifyErrorMessageWhenInputUsernameExceed50CharactersMixHalfAndFullWidth"
                time="6.383"
                classname="test.tenant.CreateTenant">
            </testcase>
            <testcase
                name="TC26_atPersonalProfileInformationStepVerifyErrorMessageWhenDoNotFillInAllTelFields"
                time="5.515"
                classname="test.tenant.CreateTenant">
            </testcase>
            <testcase
                name="TC32_atPersonalProfileInformationStepVerifyErrorMessageWhenInputPasswordDoNotMixAlphanumericalCharacters"
                time="6.191"
                classname="test.tenant.CreateTenant">
            </testcase>
            <testcase
                name="TC29_atPersonalProfileInformationStepVerifyErrorMessageWhenInputTelContainsLetterCharacters"
                time="5.839"
                classname="test.tenant.CreateTenant">
            </testcase>
</testsuite>
