<?xml version="1.0" encoding="UTF-8"?>
<testsuite name="[HBS] Addons (Check receipt and related items)"
           tests="24"
           failures="1"
           errors="0"
           skipped="0"
           time="1437.479">
    <properties></properties>

            <testcase
                name="TC20_verifyThatCanRemoveDeliveryMailManagementAdvertisingDisplayDuringHtmlDistributionAddons"
                time="20.003"
                classname="test.payment.Addons">

            <failure type="java.lang.AssertionError" message="The following asserts failed:
	[Delivery mail management - Advertising display during HTML distribution][Failed] Current number of available for purchase incorrect. expected [1] but found [0],
	[Delivery mail management - Advertising display during HTML distribution][Failed] Message do not match. expected [アドオンの解約に成功しました] but found [アドオンの解約に失敗しました。]">
                <![CDATA[java.lang.AssertionError: The following asserts failed:
	[Delivery mail management - Advertising display during HTML distribution][Failed] Current number of available for purchase incorrect. expected [1] but found [0],
	[Delivery mail management - Advertising display during HTML distribution][Failed] Message do not match. expected [アドオンの解約に成功しました] but found [アドオンの解約に失敗しました。]
                org.testng.asserts.SoftAssert.assertAll(SoftAssert.java:46)org.testng.asserts.SoftAssert.assertAll(SoftAssert.java:30)page.payment.Addons.Remove(Addons.java:484)test.payment.Addons.TC20_verifyThatCanRemoveDeliveryMailManagementAdvertisingDisplayDuringHtmlDistributionAddons(Addons.java:158)java.base/jdk.internal.reflect.NativeMethodAccessorImpl.invoke0(Native Method)java.base/jdk.internal.reflect.NativeMethodAccessorImpl.invoke(NativeMethodAccessorImpl.java:77)java.base/jdk.internal.reflect.DelegatingMethodAccessorImpl.invoke(DelegatingMethodAccessorImpl.java:43)java.base/java.lang.reflect.Method.invoke(Method.java:568)org.testng.internal.invokers.MethodInvocationHelper.invokeMethod(MethodInvocationHelper.java:135)org.testng.internal.invokers.TestInvoker.invokeMethod(TestInvoker.java:673)org.testng.internal.invokers.TestInvoker.invokeTestMethod(TestInvoker.java:220)org.testng.internal.invokers.MethodRunner.runInSequence(MethodRunner.java:50)org.testng.internal.invokers.TestInvoker$MethodInvocationAgent.invoke(TestInvoker.java:945)org.testng.internal.invokers.TestInvoker.invokeTestMethods(TestInvoker.java:193)org.testng.internal.invokers.TestMethodWorker.invokeTestMethods(TestMethodWorker.java:146)org.testng.internal.invokers.TestMethodWorker.run(TestMethodWorker.java:128)java.base/java.util.ArrayList.forEach(ArrayList.java:1511)org.testng.TestRunner.privateRun(TestRunner.java:808)org.testng.TestRunner.run(TestRunner.java:603)org.testng.SuiteRunner.runTest(SuiteRunner.java:429)org.testng.SuiteRunner.runSequentially(SuiteRunner.java:423)org.testng.SuiteRunner.privateRun(SuiteRunner.java:383)org.testng.SuiteRunner.run(SuiteRunner.java:326)org.testng.SuiteRunnerWorker.runSuite(SuiteRunnerWorker.java:52)org.testng.SuiteRunnerWorker.run(SuiteRunnerWorker.java:95)org.testng.TestNG.runSuitesSequentially(TestNG.java:1249)org.testng.TestNG.runSuitesSequentially(TestNG.java:1244)org.testng.TestNG.runSuitesLocally(TestNG.java:1169)org.testng.TestNG.runSuites(TestNG.java:1092)org.testng.TestNG.run(TestNG.java:1060)com.intellij.rt.testng.IDEARemoteTestNG.run(IDEARemoteTestNG.java:66)com.intellij.rt.testng.RemoteTestNGStarter.main(RemoteTestNGStarter.java:109)
]]>
            </failure>
    </testcase>


            <testcase
                name="TC03_verifyThatCanAddRecommendationMaximumNumberOfDeliveriesAddons"
                time="71.303"
                classname="test.payment.Addons">
            </testcase>
            <testcase
                name="TC23_verifyThatCanAddDeliveryMailManagementShorteningTheDeliveryIntervalAddons"
                time="98.739"
                classname="test.payment.Addons">
            </testcase>
            <testcase
                name="TC10_verifyThatCanRemoveAccountManagementNumberOfCommentTemplateRegistrationsAddons"
                time="33.207"
                classname="test.payment.Addons">
            </testcase>
            <testcase
                name="TC13_verifyThatCanAddDeliveryMailManagementAcquisitionOfDeliveryOpeningInformationAddons"
                time="35.343"
                classname="test.payment.Addons">
            </testcase>
            <testcase
                name="TC01_verifyThatCanAddRecommendationAcquisitionOfDeliveryOpeningInformationAddons"
                time="37.422"
                classname="test.payment.Addons">
            </testcase>
            <testcase
                name="TC16_verifyThatCanRemoveDeliveryMailManagementExtensionOfAcquisitionPeriodOfDeliveryOpeningInformationAddons"
                time="4.302"
                classname="test.payment.Addons">
            </testcase>
            <testcase
                name="TC22_verifyThatCanRemoveDeliveryMailManagementMaximumNumberOfDeliveriesAddons"
                time="63.857"
                classname="test.payment.Addons">
            </testcase>
            <testcase
                name="TC24_verifyThatCanRemoveDeliveryMailManagementShorteningTheDeliveryIntervalAddons"
                time="85.026"
                classname="test.payment.Addons">
            </testcase>
            <testcase
                name="TC06_verifyThatCanRemoveRecommendationShorteningTheDeliveryIntervalAddons"
                time="85.692"
                classname="test.payment.Addons">
            </testcase>
            <testcase
                name="TC21_verifyThatCanAddDeliveryMailManagementMaximumNumberOfDeliveriesAddons"
                time="74.141"
                classname="test.payment.Addons">
            </testcase>
            <testcase
                name="TC08_verifyThatCanRemoveAccountManagementNumberOfSearchConditionTemplateRegistrationsAddons"
                time="108.315"
                classname="test.payment.Addons">
            </testcase>
            <testcase
                name="TC18_verifyThatCanRemoveDeliveryMailManagementDeliveryAttachmentCapacityAddons"
                time="37.908"
                classname="test.payment.Addons">
            </testcase>
            <testcase
                name="TC19_verifyThatCanAddDeliveryMailManagementAdvertisingDisplayDuringHtmlDistributionAddons"
                time="3.372"
                classname="test.payment.Addons">
            </testcase>
            <testcase
                name="TC07_verifyThatCanAddAccountManagementNumberOfSearchConditionTemplateRegistrationsAddons"
                time="123.676"
                classname="test.payment.Addons">
            </testcase>
            <testcase
                name="TC14_verifyThatCanRemoveDeliveryMailManagementAcquisitionOfDeliveryOpeningInformationAddons"
                time="26.042"
                classname="test.payment.Addons">
            </testcase>
            <testcase
                name="TC12_verifyThatCanRemoveDeliveryMailManagementNumberOfSearchConditionTemplateRegistrationsAddons"
                time="110.116"
                classname="test.payment.Addons">
            </testcase>
            <testcase
                name="TC17_verifyThatCanAddDeliveryMailManagementDeliveryAttachmentCapacityAddons"
                time="51.975"
                classname="test.payment.Addons">
            </testcase>
            <testcase
                name="TC05_verifyThatCanAddRecommendationShorteningTheDeliveryIntervalAddons"
                time="101.165"
                classname="test.payment.Addons">
            </testcase>
            <testcase
                name="TC09_verifyThatCanAddAccountManagementNumberOfCommentTemplateRegistrationsAddons"
                time="53.976"
                classname="test.payment.Addons">
            </testcase>
            <testcase
                name="TC15_verifyThatCanAddDeliveryMailManagementExtensionOfAcquisitionPeriodOfDeliveryOpeningInformationAddons"
                time="3.523"
                classname="test.payment.Addons">
            </testcase>
            <testcase
                name="TC02_verifyThatCanRemoveRecommendationAcquisitionOfDeliveryOpeningInformationAddons"
                time="27.341"
                classname="test.payment.Addons">
            </testcase>
            <testcase
                name="TC11_verifyThatCanAddDeliveryMailManagementNumberOfSearchConditionTemplateRegistrationsAddons"
                time="121.305"
                classname="test.payment.Addons">
            </testcase>
            <testcase
                name="TC04_verifyThatCanRemoveRecommendationMaximumNumberOfDeliveriesAddons"
                time="59.730"
                classname="test.payment.Addons">
            </testcase>
</testsuite>
